STEP to UG
! INFO-     NX STEP AP203 - V10.0
! INFO-      
! INFO-     Start of Translation: 29-SEP-2024  1:41:15 AM
! INFO-      
! STATUS-   Converting Part: D:\vuz\cmr\rtk2024\Arduino_Nano.STEP
! SUMMARY-   
! SUMMARY-    STEP Header Information
! SUMMARY-   
! SUMMARY-  Description      STEP AP214
! SUMMARY-  Imp_Level        1
! SUMMARY-  File_Name        Arduino_Nano.STEP
! SUMMARY-  Date             2024-07-18T01:09:49
! SUMMARY-  Author           Unknown
! SUMMARY-  Organization     Unknown
! SUMMARY-  Pre_Version      SwSTEP 2.0
! SUMMARY-  Orig_System      SolidWorks 2022
! SUMMARY-  Authorization    Unknown
! SUMMARY-  Schema_ID        automotive_design
! SUMMARY-   
! SUMMARY-    Summary of STEP Entities
! SUMMARY-   
! SUMMARY-  Entity Type                                                   Count
! SUMMARY-  -----------                                                   ------
! SUMMARY-  advanced_brep_shape_representation .........................:      1
! SUMMARY-  advanced_face ..............................................:    835
! SUMMARY-  application_context ........................................:      2
! SUMMARY-  application_protocol_definition ............................:      2
! SUMMARY-  axis2_placement_3d .........................................:   1023
! SUMMARY-  cartesian_point ............................................:   4196
! SUMMARY-  circle .....................................................:    187
! SUMMARY-  closed_shell ...............................................:      1
! SUMMARY-  conical_surface ............................................:     72
! SUMMARY-  cylindrical_surface ........................................:     19
! SUMMARY-  direction ..................................................:   3905
! SUMMARY-  edge_curve .................................................:   2046
! SUMMARY-  edge_loop ..................................................:    952
! SUMMARY-  face_bound .................................................:    117
! SUMMARY-  face_outer_bound ...........................................:    835
! SUMMARY-  geometric_representation_context_and_global_uncertainty_a ..:    806
! SUMMARY-  length_unit_and_si_unit ....................................:    806
! SUMMARY-  line .......................................................:   1859
! SUMMARY-  manifold_solid_brep ........................................:      1
! SUMMARY-  oriented_edge ..............................................:   4092
! SUMMARY-  plane ......................................................:    741
! SUMMARY-  plane_angle_unit_and_si_unit ...............................:    806
! SUMMARY-  product ....................................................:      1
! SUMMARY-  product_context ............................................:      1
! SUMMARY-  product_definition .........................................:      1
! SUMMARY-  product_definition_context .................................:      1
! SUMMARY-  product_definition_formation_with_specified_source .........:      1
! SUMMARY-  product_definition_shape ...................................:      1
! SUMMARY-  product_related_product_category ...........................:      1
! SUMMARY-  shape_definition_representation ............................:      1
! SUMMARY-  si_unit_and_solid_angle_unit ...............................:    806
! SUMMARY-  toroidal_surface ...........................................:      3
! SUMMARY-  uncertainty_measure_with_unit ..............................:    806
! SUMMARY-  vector .....................................................:   1859
! SUMMARY-  vertex_point ...............................................:   1314
! SUMMARY-                                                               -------
! SUMMARY-  Total                                                          28100
! STATUS-    
! STATUS-   Converting to Output Form (Phase 2 of 3): 29-SEP-2024 1:41:15 AM
! STATUS-    
! STATUS-    
! STATUS-   Generating UG geometry and placing them in parts
! STATUS-    
! STATUS-   Creating the UG part (Phase 3 of 3): 29-SEP-2024  1:41:15 AM
! STATUS-    
! STATUS-   Creating UG solid body from Input Ent Id 18524
! STATUS-    
! STATUS-   simplifying Bsplines to analytics
! STATUS-    
! STATUS-   converting tolerant edges into exact edges
! STATUS-    
! STATUS-   doing final check of body to report any faults
! STATUS-    
! INFO-     Filing Part ..: D:\vuz\cmr\rtk2024\Arduino_Nano_step.prt
! SUMMARY-   
! SUMMARY-  Summary of Unigraphics Part Entities
! SUMMARY-   
! SUMMARY-  Entities Processed             Count
! SUMMARY-  ------------------             -----
! SUMMARY-  Solid .......................:     1
! SUMMARY-                                 -----
! SUMMARY-  Total                              1
! INFO-      
! INFO-     Total number of solids input for this translation       :         1
! INFO-      
! INFO-     Number of solids created without body validation faults :         1
! INFO-      
! INFO-     Number of solids created with body validation fault(s)  :         0
! INFO-      
! INFO-     Number of solids ending up as sheet bodies              :         0
! INFO-      
! INFO-     End of Translation: 29-SEP-2024  1:41:16 AM
! INFO-      
